<?xml version="1.0" encoding="UTF-8"?>
<testsuite xmlns:xsi="http://www.w3.org/2001/XMLSchema-instance" xsi:noNamespaceSchemaLocation="https://maven.apache.org/surefire/maven-surefire-plugin/xsd/surefire-test-report.xsd" version="3.0.2" name="com.iit.flightbooking.controllers.TravelerControllerTest" time="4.738" tests="5" errors="0" skipped="0" failures="0">
  <properties>
[...]
</properties>
  <testcase name="getTravelerByIdTest" classname="com.iit.flightbooking.controllers.TravelerControllerTest" time="4.081">
    <system-out><![CDATA[22:00:57.421 [main] INFO org.hibernate.validator.internal.util.Version -- HV000001: Hibernate Validator 8.0.3.Final
22:00:58.259 [main] INFO org.springframework.mock.web.MockServletContext -- Initializing Spring TestDispatcherServlet ''
22:00:58.260 [main] INFO org.springframework.test.web.servlet.TestDispatcherServlet -- Initializing Servlet ''
22:00:58.265 [main] INFO org.springframework.test.web.servlet.TestDispatcherServlet -- Completed initialization in 4 ms

MockHttpServletRequest:
      HTTP Method = GET
      Request URI = /travelers/1
       Parameters = {}
          Headers = [Content-Type:"application/json"]
             Body = <no character encoding set>
    Session Attrs = {}

Handler:
             Type = com.iit.flightbooking.controllers.TravelerController
           Method = com.iit.flightbooking.controllers.TravelerController#getById(Long)

Async:
    Async started = false
     Async result = null

Resolved Exception:
             Type = null

ModelAndView:
        View name = null
             View = null
            Model = null

FlashMap:
       Attributes = null

MockHttpServletResponse:
           Status = 200
    Error message = null
          Headers = [Content-Type:"application/json"]
     Content type = application/json
             Body = {"id":1,"firstName":"Tasnim","lastName":"Sakka","email":"tasnim@example.com","phone":"+21652000000","passportNo":"TSN12345","address":null,"tickets":null}
    Forwarded URL = null
   Redirected URL = null
          Cookies = []
]]></system-out>
    <system-err><![CDATA[Mockito is currently self-attaching to enable the inline-mock-maker. This will no longer work in future releases of the JDK. Please add Mockito as an agent to your build as described in Mockito's documentation: https://javadoc.io/doc/org.mockito/mockito-core/latest/org.mockito/org/mockito/Mockito.html#0.3
WARNING: A Java agent has been loaded dynamically (C:\Users\MSI\.m2\repository\net\bytebuddy\byte-buddy-agent\1.17.7\byte-buddy-agent-1.17.7.jar)
WARNING: If a serviceability tool is in use, please run with -XX:+EnableDynamicAgentLoading to hide this warning
WARNING: If a serviceability tool is not in use, please run with -Djdk.instrument.traceUsage for more information
WARNING: Dynamic loading of agents will be disallowed by default in a future release
]]></system-err>
  </testcase>
  <testcase name="getAllTravelersTest" classname="com.iit.flightbooking.controllers.TravelerControllerTest" time="0.088">
    <system-out><![CDATA[22:00:58.675 [main] INFO org.springframework.mock.web.MockServletContext -- Initializing Spring TestDispatcherServlet ''
22:00:58.676 [main] INFO org.springframework.test.web.servlet.TestDispatcherServlet -- Initializing Servlet ''
22:00:58.677 [main] INFO org.springframework.test.web.servlet.TestDispatcherServlet -- Completed initialization in 1 ms

MockHttpServletRequest:
      HTTP Method = GET
      Request URI = /travelers
       Parameters = {}
          Headers = [Content-Type:"application/json"]
             Body = <no character encoding set>
    Session Attrs = {}

Handler:
             Type = com.iit.flightbooking.controllers.TravelerController
           Method = com.iit.flightbooking.controllers.TravelerController#findAll()

Async:
    Async started = false
     Async result = null

Resolved Exception:
             Type = null

ModelAndView:
        View name = null
             View = null
            Model = null

FlashMap:
       Attributes = null

MockHttpServletResponse:
           Status = 200
    Error message = null
          Headers = [Content-Type:"application/json"]
     Content type = application/json
             Body = [{"id":1,"firstName":"Tasnim","lastName":"Sakka","email":"tasnim@example.com","phone":"+21652000000","passportNo":"TSN12345","address":null,"tickets":null}]
    Forwarded URL = null
   Redirected URL = null
          Cookies = []
]]></system-out>
  </testcase>
  <testcase name="createTravelerTest" classname="com.iit.flightbooking.controllers.TravelerControllerTest" time="0.226">
    <system-out><![CDATA[22:00:58.774 [main] INFO org.springframework.mock.web.MockServletContext -- Initializing Spring TestDispatcherServlet ''
22:00:58.775 [main] INFO org.springframework.test.web.servlet.TestDispatcherServlet -- Initializing Servlet ''
22:00:58.775 [main] INFO org.springframework.test.web.servlet.TestDispatcherServlet -- Completed initialization in 0 ms

MockHttpServletRequest:
      HTTP Method = POST
      Request URI = /travelers
       Parameters = {}
          Headers = [Content-Type:"application/json", Content-Length:"154"]
             Body = <no character encoding set>
    Session Attrs = {}

Handler:
             Type = com.iit.flightbooking.controllers.TravelerController
           Method = com.iit.flightbooking.controllers.TravelerController#create(TravelerDto)

Async:
    Async started = false
     Async result = null

Resolved Exception:
             Type = null

ModelAndView:
        View name = null
             View = null
            Model = null

FlashMap:
       Attributes = null

MockHttpServletResponse:
           Status = 201
    Error message = null
          Headers = [Content-Type:"application/json"]
     Content type = application/json
             Body = {"id":1,"firstName":"Tasnim","lastName":"Sakka","email":"tasnim@example.com","phone":"+21652000000","passportNo":"TSN12345","address":null,"tickets":null}
    Forwarded URL = null
   Redirected URL = null
          Cookies = []
]]></system-out>
  </testcase>
  <testcase name="deleteTravelerTest" classname="com.iit.flightbooking.controllers.TravelerControllerTest" time="0.036">
    <system-out><![CDATA[22:00:58.988 [main] INFO org.springframework.mock.web.MockServletContext -- Initializing Spring TestDispatcherServlet ''
22:00:58.988 [main] INFO org.springframework.test.web.servlet.TestDispatcherServlet -- Initializing Servlet ''
22:00:58.989 [main] INFO org.springframework.test.web.servlet.TestDispatcherServlet -- Completed initialization in 1 ms

MockHttpServletRequest:
      HTTP Method = DELETE
      Request URI = /travelers/1
       Parameters = {}
          Headers = []
             Body = <no character encoding set>
    Session Attrs = {}

Handler:
             Type = com.iit.flightbooking.controllers.TravelerController
           Method = com.iit.flightbooking.controllers.TravelerController#deleteById(Long)

Async:
    Async started = false
     Async result = null

Resolved Exception:
             Type = null

ModelAndView:
        View name = null
             View = null
            Model = null

FlashMap:
       Attributes = null

MockHttpServletResponse:
           Status = 204
    Error message = null
          Headers = []
     Content type = null
             Body = 
    Forwarded URL = null
   Redirected URL = null
          Cookies = []
]]></system-out>
  </testcase>
  <testcase name="updateTravelerTest" classname="com.iit.flightbooking.controllers.TravelerControllerTest" time="0.047">
    <system-out><![CDATA[22:00:59.018 [main] INFO org.springframework.mock.web.MockServletContext -- Initializing Spring TestDispatcherServlet ''
22:00:59.018 [main] INFO org.springframework.test.web.servlet.TestDispatcherServlet -- Initializing Servlet ''
22:00:59.019 [main] INFO org.springframework.test.web.servlet.TestDispatcherServlet -- Completed initialization in 0 ms

MockHttpServletRequest:
      HTTP Method = PUT
      Request URI = /travelers/1
       Parameters = {}
          Headers = [Content-Type:"application/json", Content-Length:"152"]
             Body = <no character encoding set>
    Session Attrs = {}

Handler:
             Type = com.iit.flightbooking.controllers.TravelerController
           Method = com.iit.flightbooking.controllers.TravelerController#update(Long, TravelerDto)

Async:
    Async started = false
     Async result = null

Resolved Exception:
             Type = null

ModelAndView:
        View name = null
             View = null
            Model = null

FlashMap:
       Attributes = null

MockHttpServletResponse:
           Status = 200
    Error message = null
          Headers = [Content-Type:"application/json"]
     Content type = application/json
             Body = {"id":1,"firstName":"NewName","lastName":"Sakka","email":"new@example.com","phone":"+21652000000","passportNo":"NEWPA123","address":null,"tickets":null}
    Forwarded URL = null
   Redirected URL = null
          Cookies = []
]]></system-out>
  </testcase>
</testsuite>